2026-05-15 01:23:53.838: [INFO] VisibilityChanged: 0
2026-05-15 01:23:53.874: [INFO] RecordSyncInitDuration has_sync_been_enabled: 0 state: 0
2026-05-15 01:23:53.875: [INFO] RecordSyncInitDuration has_sync_been_enabled: 0 state: 0
2026-05-15 01:23:53.876: [INFO] RecordSyncInitDuration has_sync_been_enabled: 0 state: 0
2026-05-15 01:23:53.877: [INFO] RecordSyncInitDuration has_sync_been_enabled: 0 state: 0
2026-05-15 01:23:53.878: [INFO] RecordSyncInitDuration has_sync_been_enabled: 0 state: 0
2026-05-15 01:23:53.878: [INFO] RecordSyncInitDuration has_sync_been_enabled: 0 state: 0
2026-05-15 01:23:53.879: [INFO] RecordSyncInitDuration has_sync_been_enabled: 0 state: 0
2026-05-15 01:23:53.880: [INFO] RecordSyncInitDuration has_sync_been_enabled: 0 state: 0
2026-05-15 01:23:53.881: [INFO] RecordSyncInitDuration has_sync_been_enabled: 0 state: 0
2026-05-15 01:23:53.881: [INFO] RecordSyncInitDuration has_sync_been_enabled: 0 state: 0
2026-05-15 01:23:53.882: [INFO] RecordSyncInitDuration has_sync_been_enabled: 0 state: 0
2026-05-15 01:23:53.883: [INFO] RecordSyncInitDuration has_sync_been_enabled: 0 state: 0
2026-05-15 01:23:53.890: [INFO] BookmarkNodeAdded, ABU: 0
2026-05-15 01:23:53.890: [INFO] BookmarkModelLoaded, ids_reassigned: 0
2026-05-15 01:23:53.890: [INFO] OnDoneLoading sync enabled: 0
2026-05-15 01:23:53.931: [INFO] RecordSyncInitDuration has_sync_been_enabled: 0 state: 0
2026-05-15 01:23:59.604: [INFO] BookmarkNodeAdded, ABU: 0
2026-05-15 01:23:59.605: [INFO] BookmarkNodeAdded, ABU: 0
2026-05-15 01:23:59.605: [INFO] BookmarkNodeAdded, ABU: 0
2026-05-15 01:27:41.910: [INFO] VisibilityChanged: 0
2026-05-15 01:27:41.951: [INFO] BookmarkNodeAdded, ABU: 0
2026-05-15 01:27:41.951: [INFO] BookmarkModelLoaded, ids_reassigned: 0
2026-05-15 01:27:41.951: [INFO] OnDoneLoading sync enabled: 0
2026-05-15 01:27:41.953: [INFO] RecordSyncInitDuration has_sync_been_enabled: 0 state: 0
